2025-08-18 17:53:30 - crypto.redis_manager - ERROR - ❌ Redis连接失败: Authentication required.
2025-08-18 17:53:30 - crypto.redis_manager - ERROR - ❌ Redis连接失败: Authentication required.
2025-08-18 17:53:52 - crypto.redis_manager - ERROR - ❌ Redis连接失败: Authentication required.
2025-08-18 17:53:52 - crypto.redis_manager - ERROR - ❌ Redis连接失败: Authentication required.
2025-08-18 17:54:16 - crypto.database - ERROR - SQL执行错误: 1146 (42S02): Table 'crypto_monitoring.current_prices' doesn't exist
2025-08-18 17:54:16 - crypto.database - ERROR - SQL执行错误: 1146 (42S02): Table 'crypto_monitoring.current_prices' doesn't exist
2025-08-18 18:04:03 - crypto.redis_manager - ERROR - ❌ Redis连接失败: Authentication required.
2025-08-18 18:04:19 - crypto.redis_manager - ERROR - ❌ Redis连接失败: Authentication required.
2025-08-18 18:04:33 - crypto.database - ERROR - 使用连接池执行查询失败: 1146 (42S02): Table 'crypto_monitoring.current_prices' doesn't exist
2025-08-18 18:04:48 - crypto.__main__ - ERROR - 获取系统状态失败: 'CryptoCacheManager' object has no attribute 'redis_client'
2025-08-18 18:05:15 - crypto.redis_manager - ERROR - ❌ Redis连接失败: Authentication required.
2025-08-18 18:06:04 - crypto.database - ERROR - 使用连接池执行查询失败: 1146 (42S02): Table 'crypto_monitoring.current_prices' doesn't exist
2025-08-18 18:06:04 - crypto.database - ERROR - 使用连接池执行查询失败: 1146 (42S02): Table 'crypto_monitoring.hour_data' doesn't exist
2025-08-18 18:06:34 - crypto.database - ERROR - 使用连接池执行查询失败: 1146 (42S02): Table 'crypto_monitoring.current_prices' doesn't exist
2025-08-18 18:07:04 - crypto.database - ERROR - 使用连接池执行查询失败: 1146 (42S02): Table 'crypto_monitoring.current_prices' doesn't exist
2025-08-18 18:07:34 - crypto.database - ERROR - 使用连接池执行查询失败: 1146 (42S02): Table 'crypto_monitoring.current_prices' doesn't exist
2025-08-18 18:07:37 - crypto.redis_manager - ERROR - ❌ Redis连接失败: Authentication required.
2025-08-18 18:07:54 - crypto.redis_manager - ERROR - ❌ Redis连接失败: Authentication required.
2025-08-18 18:07:54 - crypto.__main__ - ERROR - 系统运行异常: name 'rebuild_database' is not defined
2025-08-18 18:08:04 - crypto.database - ERROR - 使用连接池执行查询失败: 1146 (42S02): Table 'crypto_monitoring.current_prices' doesn't exist
2025-08-18 18:08:28 - crypto.redis_manager - ERROR - ❌ Redis连接失败: Authentication required.
2025-08-18 18:09:06 - crypto.__main__ - ERROR - 初始K线数据生成失败，但系统将继续运行
2025-08-18 18:09:06 - crypto.__main__ - ERROR - 系统运行异常: EOF when reading a line
2025-08-18 18:46:34 - crypto.database - ERROR - 无法获取数据库连接
2025-08-18 18:46:34 - crypto.__main__ - ERROR - 数据库连接失败
2025-08-19 09:10:37 - crypto.database - ERROR - 连接池初始化失败 (尝试 1/3): 2003 (HY000): Can't connect to MySQL server on 'localhost:3306' (10061)
2025-08-19 09:10:43 - crypto.database - ERROR - 连接池初始化失败 (尝试 2/3): 2003 (HY000): Can't connect to MySQL server on 'localhost:3306' (10061)
2025-08-19 09:20:38 - crypto.database - ERROR - 连接池初始化失败 (尝试 1/3): 2003 (HY000): Can't connect to MySQL server on 'localhost:3306' (10061)
2025-08-19 09:20:44 - crypto.database - ERROR - 连接池初始化失败 (尝试 2/3): 2003 (HY000): Can't connect to MySQL server on 'localhost:3306' (10061)
2025-08-19 09:20:52 - crypto.database - ERROR - 连接池初始化失败 (尝试 3/3): 2003 (HY000): Can't connect to MySQL server on 'localhost:3306' (10061)
2025-08-19 09:20:53 - crypto.database - ERROR - 连接池初始化失败 (尝试 1/3): 2013 (HY000): Lost connection to MySQL server at 'reading initial communication packet', system error: 0
2025-08-19 09:20:56 - crypto.redis_manager - ERROR - ❌ Redis连接失败: Authentication required.
2025-08-19 09:24:12 - crypto.redis_manager - ERROR - ❌ Redis连接失败: Authentication required.
2025-08-19 09:30:43 - crypto.redis_manager - ERROR - ❌ Redis连接失败: Authentication required.
2025-08-19 09:33:05 - crypto.kline_backend - ERROR - 无法获取BTC的1d数据：数据库和文件中都没有数据
2025-08-19 09:37:38 - crypto.redis_manager - ERROR - ❌ Redis连接失败: Authentication required.
2025-08-19 09:37:48 - crypto.kline_backend - ERROR - 无法获取BTC的1d数据：数据库和文件中都没有数据
2025-08-19 09:46:00 - crypto.redis_manager - ERROR - ❌ Redis连接失败: Authentication required.
2025-08-19 09:46:30 - crypto.redis_manager - ERROR - ❌ Redis连接失败: Authentication required.
